[2026-01-21 18:26:25.613] [info]  (BksConfig)           Loading configs.
[2026-01-21 18:26:25.623] [debug] (BksConfig)           Loading config default.config.ini.
[2026-01-21 18:26:25.623] [info]  (BksConfig)           Copying bundled config default.config.ini to /home/serii/.config/beekeeper-studio/default.config.ini.
[2026-01-21 18:26:25.624] [warn]  (BksConfig)           Skipping copy of default.config.ini. Permission denied or dest not writable: ENOENT: no such file or directory, access '/home/serii/.config/beekeeper-studio/default.config.ini'
[2026-01-21 18:26:25.627] [debug] (BksConfig)           Successfully read config /tmp/.mount_beekeeGNvaMy/resources/default.config.ini.
[2026-01-21 18:26:25.628] [debug] (BksConfig)           Loading config system.config.ini.
[2026-01-21 18:26:25.628] [warn]  (BksConfig)           Failed loading system config. System config path not found: /etc/beekeeper-studio/system.config.ini
[2026-01-21 18:26:25.629] [debug] (BksConfig)           Loading config user.config.ini.
[2026-01-21 18:26:25.629] [info]  (BksConfig)           Copying bundled config user.config.ini to /home/serii/.config/beekeeper-studio/user.config.ini.
[2026-01-21 18:26:25.629] [warn]  (BksConfig)           Skipping copy of user.config.ini. Permission denied or dest not writable: ENOENT: no such file or directory, access '/home/serii/.config/beekeeper-studio/user.config.ini'
[2026-01-21 18:26:25.630] [error] (BksConfig)           Failed reading config /home/serii/.config/beekeeper-studio/user.config.ini. Error: ENOENT: no such file or directory, open '/home/serii/.config/beekeeper-studio/user.config.ini'
    at readFileSync (node:fs:448:20)
    at t.readFileSync (node:electron/js2c/node_init:2:10175)
    at readConfig (/tmp/.mount_beekeeGNvaMy/resources/app.asar/dist/main.js:285538:57)
    at loadConfig (/tmp/.mount_beekeeGNvaMy/resources/app.asar/dist/main.js:285585:10)
    at mainBksConfig (/tmp/.mount_beekeeGNvaMy/resources/app.asar/dist/main.js:285627:18)
    at Object.<anonymous> (/tmp/.mount_beekeeGNvaMy/resources/app.asar/dist/main.js:285655:15)
    at Module._compile (node:internal/modules/cjs/loader:1484:14)
    at Module._extensions..js (node:internal/modules/cjs/loader:1564:10)
    at Module.load (node:internal/modules/cjs/loader:1295:32)
    at Module._load (node:internal/modules/cjs/loader:1111:12)
[2026-01-21 18:26:25.644] [warn]  (BksConfig)           Failed loading user config. Ignoring. Error: ENOENT: no such file or directory, open '/home/serii/.config/beekeeper-studio/user.config.ini'
    at readFileSync (node:fs:448:20)
    at t.readFileSync (node:electron/js2c/node_init:2:10175)
    at readConfig (/tmp/.mount_beekeeGNvaMy/resources/app.asar/dist/main.js:285538:57)
    at loadConfig (/tmp/.mount_beekeeGNvaMy/resources/app.asar/dist/main.js:285585:10)
    at mainBksConfig (/tmp/.mount_beekeeGNvaMy/resources/app.asar/dist/main.js:285627:18)
    at Object.<anonymous> (/tmp/.mount_beekeeGNvaMy/resources/app.asar/dist/main.js:285655:15)
    at Module._compile (node:internal/modules/cjs/loader:1484:14)
    at Module._extensions..js (node:internal/modules/cjs/loader:1564:10)
    at Module.load (node:internal/modules/cjs/loader:1295:32)
    at Module._load (node:internal/modules/cjs/loader:1111:12)
[2026-01-21 18:26:25.644] [info]  (BksConfig)           Configs successfully loaded with 0 warnings.
[2026-01-21 18:26:25.644] [warn]  (BksConfig)           Warnings: []
[2026-01-21 18:26:25.645] [info]  (BksConfig)           Default config: {
  "general": {
    "checkForUpdatesInterval": 86400000,
    "dataSyncInterval": 30000,
    "workspaceSyncInterval": 5000
  },
  "security": {
    "disconnectOnSuspend": false,
    "disconnectOnLock": false,
    "disconnectOnIdle": false,
    "lockMode": "disabled",
    "idleThresholdSeconds": 300,
    "idleCheckIntervalSeconds": 30,
    "minPinLength": 6
  },
  "ui": {
    "general": {
      "binaryEncoding": "hex"
    },
    "layout": {
      "mainContentMinWidth": 200,
      "primarySidebarMinWidth": 150,
      "secondarySidebarMinWidth": 150
    },
    "queryEditor": {
      "maxResults": 50000
    },
    "tableTable": {
      "pageSize": 100,
      "largeFieldWidth": 300,
      "maxColumnWidth": 1000,
      "minColumnWidth": 100,
      "maxInitialWidth": 500,
      "defaultColumnWidth": 125
    },
    "tableTriggers": {
      "maxColumnWidth": 300
    },
    "tableList": {
      "itemHeight": 22.8
    },
    "export": {
      "errorNoticeTimeout": 60000
    }
  },
  "db": {
    "default": {
      "allowSkipToLastPage": false,
      "paramTypes": {
        "positional": true,
        "named": [],
        "numbered": [],
        "quoted": []
      }
    },
    "mysql": {
      "connectTimeout": 3600000,
      "allowSkipToLastPage": true,
      "paramTypes": {
        "positional": true,
        "named": [],
        "numbered": [],
        "quoted": []
      }
    },
    "mariadb": {
      "connectTimeout": 3600000,
      "allowSkipToLastPage": true,
      "paramTypes": {
        "positional": true,
        "named": [],
        "numbered": [],
        "quoted": []
      }
    },
    "tidb": {
      "allowSkipToLastPage": true,
      "paramTypes": {
        "positional": true,
        "named": [],
        "numbered": [],
        "quoted": []
      }
    },
    "postgres": {
      "connectionTimeout": 15000,
      "idleTimeout": 20000,
      "maxClient": 5,
      "allowSkipToLastPage": true,
      "paramTypes": {
        "positional": false,
        "numbered": [
          "$"
        ],
        "named": [],
        "quoted": []
      }
    },
    "cockroachdb": {
      "connectionTimeout": 15000,
      "idleTimeout": 20000,
      "maxClient": 5,
      "paramTypes": {
        "positional": false,
        "numbered": [
          "$"
        ],
        "named": [],
        "quoted": []
      },
      "allowSkipToLastPage": false
    },
    "redshift": {
      "connectionTimeout": 15000,
      "idleTimeout": 20000,
      "maxClient": 5,
      "paramTypes": {
        "positional": false,
        "numbered": [
          "$"
        ],
        "named": [],
        "quoted": []
      },
      "allowSkipToLastPage": false
    },
    "sqlite": {
      "allowSkipToLastPage": true,
      "paramTypes": {
        "positional": true,
        "numbered": [
          "?"
        ],
        "named": [
          ":",
          "@"
        ],
        "quoted": []
      }
    },
    "sqlserver": {
      "allowSkipToLastPage": false,
      "paramTypes": {
        "positional": false,
        "named": [
          ":"
        ],
        "numbered": [],
        "quoted": []
      }
    },
    "bigquery": {
      "allowSkipToLastPage": false,
      "paramTypes": {
        "positional": true,
        "named": [
          "@"
        ],
        "quoted": [
          "@"
        ],
        "numbered": []
      }
    },
    "oracle": {
      "allowSkipToLastPage": false,
      "paramTypes": {
        "positional": true,
        "named": [],
        "numbered": [],
        "quoted": []
      }
    },
    "cassandra": {
      "allowSkipToLastPage": false,
      "paramTypes": {
        "positional": true,
        "named": [],
        "numbered": [],
        "quoted": []
      }
    },
    "firebird": {
      "allowSkipToLastPage": false,
      "paramTypes": {
        "positional": true,
        "named": [],
        "numbered": [],
        "quoted": []
      }
    },
    "clickhouse": {
      "allowSkipToLastPage": false,
      "paramTypes": {
        "positional": true,
        "named": [],
        "numbered": [],
        "quoted": []
      }
    },
    "mongodb": {
      "allowSkipToLastPage": false,
      "paramTypes": {
        "positional": true,
        "named": [],
        "numbered": [],
        "quoted": []
      }
    },
    "duckdb": {
      "allowSkipToLastPage": false,
      "paramTypes": {
        "positional": true,
        "named": [],
        "numbered": [],
        "quoted": []
      }
    },
    "sqlanywhere": {
      "allowSkipToLastPage": false,
      "paramTypes": {
        "positional": true,
        "named": [],
        "numbered": [],
        "quoted": []
      }
    },
    "trino": {
      "allowSkipToLastPage": false,
      "paramTypes": {
        "positional": true,
        "named": [],
        "numbered": [],
        "quoted": []
      }
    },
    "surrealdb": {
      "connectionTimeout": 15000,
      "allowSkipToLastPage": false,
      "paramTypes": {
        "positional": true,
        "named": [],
        "numbered": [],
        "quoted": []
      }
    },
    "libsql": {
      "allowSkipToLastPage": false,
      "paramTypes": {
        "positional": true,
        "named": [],
        "numbered": [],
        "quoted": []
      }
    },
    "redis": {
      "allowSkipToLastPage": false,
      "paramTypes": {
        "positional": true,
        "named": [],
        "numbered": [],
        "quoted": []
      }
    }
  },
  "keybindings": {
    "general": {
      "refresh": [
        "f5",
        "ctrlOrCmd+r"
      ],
      "addRow": "ctrlOrCmd+n",
      "save": "ctrlOrCmd+s",
      "openInSqlEditor": "ctrlOrCmd+shift+s",
      "openQuickSearch": "ctrlOrCmd+p",
      "copySelection": "ctrlOrCmd+c",
      "pasteSelection": "ctrlOrCmd+v",
      "cloneSelection": "ctrlOrCmd+d",
      "deleteSelection": "delete"
    },
    "tab": {
      "closeTab": "ctrlOrCmd+w",
      "nextTab": [
        "ctrl+tab",
        "ctrlOrCmd+pagedown"
      ],
      "previousTab": [
        "ctrl+shift+tab",
        "ctrlOrCmd+pageup"
      ],
      "reopenLastClosedTab": "ctrlOrCmd+shift+t",
      "switchTab1": "alt+1",
      "switchTab2": "alt+2",
      "switchTab3": "alt+3",
      "switchTab4": "alt+4",
      "switchTab5": "alt+5",
      "switchTab6": "alt+6",
      "switchTab7": "alt+7",
      "switchTab8": "alt+8",
      "switchTab9": "alt+9"
    },
    "quickSearch": {
      "focusSearch": [
        "ctrlOrCmd+k",
        "ctrlOrCmd+o"
      ],
      "close": "esc",
      "selectUp": [
        "up",
        "ctrlOrCmd+p"
      ],
      "selectDown": [
        "down",
        "ctrlOrCmd+n"
      ],
      "open": "enter",
      "altOpen": "ctrlOrCmd+enter",
      "openInBackground": "right",
      "altOpenInBackground": "ctrlOrCmd+right"
    },
    "queryEditor": {
      "selectEditor": "ctrlOrCmd+l",
      "submitTabQuery": [
        "ctrlOrCmd+enter",
        "f5"
      ],
      "submitCurrentQuery": [
        "ctrlOrCmd+shift+enter",
        "shift+f5"
      ],
      "submitQueryToFile": "ctrlOrCmd+i",
      "submitCurrentQueryToFile": "ctrlOrCmd+shift+i",
      "selectNextResult": "shift+up",
      "selectPreviousResult": "shift+down",
      "copyResultSelection": "ctrlOrCmd+c",
      "switchPaneFocus": "ctrlOrCmd+`",
      "openTableFilter": "ctrlOrCmd+f",
      "closeTableFilter": "esc"
    },
    "tableTable": {
      "nextPage": "ctrlOrCmd+right",
      "previousPage": "ctrlOrCmd+left",
      "focusOnFilterInput": "ctrlOrCmd+f",
      "openEditorModal": "shift+enter",
      "firstPage": "ctrlOrCmd+h",
      "lastPage": "ctrlOrCmd+l"
    }
  },
  "plugins": {
    "bks-ai-shell": {
      "disabled": false
    }
  }
}
[2026-01-21 18:26:25.648] [info]  (BksConfig)           System config: {}
[2026-01-21 18:26:25.648] [info]  (BksConfig)           User config: {}
[2026-01-21 18:26:25.721] [info]                        initializing background
[2026-01-21 18:26:29.546] [info]  (main.ts) starting logging
[2026-01-21 18:26:29.548] [debug] (main.ts) APP BOOTING
[2026-01-21 18:26:29.548] [debug] (main.ts) ####################################
[2026-01-21 18:26:29.548] [debug] (main.ts) Platform Information (App)
[2026-01-21 18:26:29.548] [debug] (main.ts) {
  "isWindows": false,
  "isMac": false,
  "isArm": false,
  "oracleSupported": true,
  "parsedArgs": {
    "_": [],
    "sandbox": false
  },
  "isLinux": true,
  "sessionType": "x11",
  "isWayland": false,
  "isPortable": false,
  "isDevelopment": false,
  "isAppImage": false,
  "resourcesPath": "/tmp/.mount_beekeeGNvaMy/resources",
  "env": {
    "development": false,
    "test": false,
    "production": true
  },
  "debugEnabled": false,
  "platform": "linux",
  "darkMode": false,
  "userDirectory": "/home/serii/.config/beekeeper-studio",
  "downloadsDirectory": "/home/serii",
  "homeDirectory": "/home/serii",
  "pluginsDirectory": "/home/serii/.config/beekeeper-studio/plugins",
  "testMode": false,
  "appDbPath": "/home/serii/.config/beekeeper-studio/app.db",
  "updatesDisabled": false,
  "appVersion": "5.4.0",
  "parsedAppVersion": {
    "major": 5,
    "minor": 4,
    "patch": 0,
    "channel": "stable"
  },
  "cloudUrl": "https://app.beekeeperstudio.io",
  "locale": ""
}
[2026-01-21 18:26:29.553] [info]  (renderer/utilityconnection) QUEUEING REQUEST FOR NAME, ID:  license/getStatus af892fbe-0922-4483-87e2-86ba4b56211e
[2026-01-21 18:26:29.560] [info]  (main.ts)                    Received port in renderer with sId:  c47670a5-3e0b-42e2-8c26-fe227bde7a88
[2026-01-21 18:26:29.560] [info]  (renderer/utilityconnection) RECEIVED PORT IN UtilityConnection:  {}
[2026-01-21 18:26:29.560] [info]  (renderer/utilityconnection) PROCESSING QUEUED REQUEST:  license/getStatus af892fbe-0922-4483-87e2-86ba4b56211e
[2026-01-21 18:26:29.560] [info]  (renderer/utilityconnection) SENDING REQUEST FOR NAME, ID:  appdb/setting/find 427242fe-81e0-4d33-afba-d97639ab8103
[2026-01-21 18:26:29.563] [info]  (renderer/utilityconnection) RECEIVED REPLY FOR REQUEST ID:  af892fbe-0922-4483-87e2-86ba4b56211e
[2026-01-21 18:26:29.563] [info]  (renderer/utilityconnection) SENDING REQUEST FOR NAME, ID:  license/get a58c3177-2140-408b-a7c3-f8b4ee7fa971
[2026-01-21 18:26:29.564] [info]  (renderer/utilityconnection) RECEIVED REPLY FOR REQUEST ID:  427242fe-81e0-4d33-afba-d97639ab8103
[2026-01-21 18:26:29.564] [info]  (renderer/utilityconnection) RECEIVED REPLY FOR REQUEST ID:  a58c3177-2140-408b-a7c3-f8b4ee7fa971
[2026-01-21 18:26:29.564] [info]  (renderer/utilityconnection) SENDING REQUEST FOR NAME, ID:  license/getInstallationId 9bdfe8af-3f97-44c4-98a6-093c88e45868
[2026-01-21 18:26:29.566] [info]  (renderer/utilityconnection) RECEIVED REPLY FOR REQUEST ID:  9bdfe8af-3f97-44c4-98a6-093c88e45868
[2026-01-21 18:26:29.566] [info]  (renderer/utilityconnection) ADDED LISTENER:  enumFileChanged 18ff39a4-3417-4ff0-a4d3-cd5b922920ef
[2026-01-21 18:26:29.566] [info]  (renderer/utilityconnection) SENDING REQUEST FOR NAME, ID:  enum/init 0a7f6611-3390-4822-b7fe-1bd37757c761
[2026-01-21 18:26:29.567] [info]  (renderer/utilityconnection) RECEIVED REPLY FOR REQUEST ID:  0a7f6611-3390-4822-b7fe-1bd37757c761
[2026-01-21 18:26:29.567] [info]  (renderer/utilityconnection) SENDING REQUEST FOR NAME, ID:  enum/load 450206f5-5596-4f72-9204-a9c77792cb4a
[2026-01-21 18:26:29.568] [info]  (renderer/utilityconnection) RECEIVED REPLY FOR REQUEST ID:  450206f5-5596-4f72-9204-a9c77792cb4a
[2026-01-21 18:26:29.568] [info]  (renderer/utilityconnection) SENDING REQUEST FOR NAME, ID:  plugin/waitForInit c4c18f9c-af5e-47e6-8bab-e6edcd881151
[2026-01-21 18:26:29.616] [info]  (renderer/utilityconnection) SENDING REQUEST FOR NAME, ID:  appdb/query/find 0e80978e-e579-4e91-936f-572186286933
[2026-01-21 18:26:29.616] [info]  (renderer/utilityconnection) SENDING REQUEST FOR NAME, ID:  appdb/saved/find 26dd3a6a-b4f8-46dc-9308-7aa6726de199
[2026-01-21 18:26:29.617] [info]  (renderer/utilityconnection) SENDING REQUEST FOR NAME, ID:  appdb/usedQuery/find 582db6a3-f428-444c-b26b-61a6a0a25759
[2026-01-21 18:26:29.618] [info]  (renderer/utilityconnection) SENDING REQUEST FOR NAME, ID:  appdb/used/find 727c1d2f-9326-4c34-a947-66a74087463a
[2026-01-21 18:26:29.619] [info]  (renderer/utilityconnection) SENDING REQUEST FOR NAME, ID:  license/getStatus 99c6a2f0-2da0-4097-afb7-9211282c96a0
[2026-01-21 18:26:29.644] [info]  (renderer/utilityconnection) SENDING REQUEST FOR NAME, ID:  appdb/credential/find 730bac35-bbcb-4f1f-b4b1-9a26780dc784
[2026-01-21 18:26:29.669] [info]  (renderer/utilityconnection) SENDING REQUEST FOR NAME, ID:  appdb/setting/get edb169b9-e1b5-467f-b885-1b12bcca7feb
[2026-01-21 18:26:29.670] [info]  (renderer/utilityconnection) SENDING REQUEST FOR NAME, ID:  appdb/setting/get e512b5ba-711e-4a62-ac52-9dce5ae783c5
[2026-01-21 18:26:29.671] [info]  (renderer/utilityconnection) SENDING REQUEST FOR NAME, ID:  appdb/saved/new ffe7c9de-91a4-4933-8287-b4729437d628
[2026-01-21 18:26:29.712] [info]  (renderer/utilityconnection) RECEIVED REPLY FOR REQUEST ID:  c4c18f9c-af5e-47e6-8bab-e6edcd881151
[2026-01-21 18:26:29.713] [info]  (renderer/utilityconnection) SENDING REQUEST FOR NAME, ID:  plugin/plugins 02749bbe-fe8c-46e1-8b29-b120dae8d2a8
[2026-01-21 18:26:29.713] [info]  (renderer/utilityconnection) RECEIVED REPLY FOR REQUEST ID:  0e80978e-e579-4e91-936f-572186286933
[2026-01-21 18:26:29.713] [debug] (StateManager)               removing from search index 0
[2026-01-21 18:26:29.714] [debug] (StateManager)               adding to search index 1
[2026-01-21 18:26:29.714] [info]  (renderer/utilityconnection) RECEIVED REPLY FOR REQUEST ID:  26dd3a6a-b4f8-46dc-9308-7aa6726de199
[2026-01-21 18:26:29.715] [debug] (StateManager)               removing from search index 0
[2026-01-21 18:26:29.716] [debug] (StateManager)               adding to search index 3
[2026-01-21 18:26:29.738] [info]  (renderer/utilityconnection) RECEIVED REPLY FOR REQUEST ID:  582db6a3-f428-444c-b26b-61a6a0a25759
[2026-01-21 18:26:29.738] [info]  (renderer/utilityconnection) RECEIVED REPLY FOR REQUEST ID:  727c1d2f-9326-4c34-a947-66a74087463a
[2026-01-21 18:26:29.742] [info]  (renderer/utilityconnection) RECEIVED REPLY FOR REQUEST ID:  99c6a2f0-2da0-4097-afb7-9211282c96a0
[2026-01-21 18:26:29.742] [info]  (renderer/utilityconnection) SENDING REQUEST FOR NAME, ID:  license/get db27488f-89f4-46c4-8567-a1a149473574
[2026-01-21 18:26:29.742] [info]  (renderer/utilityconnection) RECEIVED REPLY FOR REQUEST ID:  730bac35-bbcb-4f1f-b4b1-9a26780dc784
[2026-01-21 18:26:29.744] [info]  (renderer/utilityconnection) RECEIVED REPLY FOR REQUEST ID:  edb169b9-e1b5-467f-b885-1b12bcca7feb
[2026-01-21 18:26:29.744] [info]  (settings-plugin)            get {"id":10,"createdAt":"2025-12-03T07:59:53.000Z","updatedAt":"2025-12-03T07:59:53.000Z","_userValue":"name","defaultValue":"name","valueType":0,"version":0,"key":"connectionsSortBy","linuxDefault":null,"macDefault":null,"windowsDefault":null,"value":"name"}
[2026-01-21 18:26:29.744] [info]  (renderer/utilityconnection) RECEIVED REPLY FOR REQUEST ID:  e512b5ba-711e-4a62-ac52-9dce5ae783c5
[2026-01-21 18:26:29.744] [info]  (settings-plugin)            get {"id":11,"createdAt":"2025-12-03T07:59:53.000Z","updatedAt":"2025-12-03T07:59:53.000Z","_userValue":"asc","defaultValue":"asc","valueType":0,"version":0,"key":"connectionsSortOrder","linuxDefault":null,"macDefault":null,"windowsDefault":null,"value":"asc"}
[2026-01-21 18:26:29.744] [info]  (renderer/utilityconnection) RECEIVED REPLY FOR REQUEST ID:  ffe7c9de-91a4-4933-8287-b4729437d628
[2026-01-21 18:26:29.745] [info]  (renderer/utilityconnection) SENDING REQUEST FOR NAME, ID:  appdb/saved/new bdc1b3d3-4f9f-40d1-b657-ba30495de97e
[2026-01-21 18:26:29.746] [info]  (renderer/utilityconnection) SENDING REQUEST FOR NAME, ID:  appdb/pinconn/find 2058cdec-7a27-484d-848c-4339daee4367
[2026-01-21 18:26:29.756] [info]  (renderer/utilityconnection) RECEIVED REPLY FOR REQUEST ID:  02749bbe-fe8c-46e1-8b29-b120dae8d2a8
[2026-01-21 18:26:29.756] [info]  (renderer/utilityconnection) SENDING REQUEST FOR NAME, ID:  plugin/entries 9e30974f-6d74-4278-a02d-6eeb26b3bb71
[2026-01-21 18:26:29.756] [info]  (renderer/utilityconnection) RECEIVED REPLY FOR REQUEST ID:  db27488f-89f4-46c4-8567-a1a149473574
[2026-01-21 18:26:29.759] [info]  (renderer/utilityconnection) RECEIVED REPLY FOR REQUEST ID:  bdc1b3d3-4f9f-40d1-b657-ba30495de97e
[2026-01-21 18:26:29.760] [info]  (renderer/utilityconnection) RECEIVED REPLY FOR REQUEST ID:  2058cdec-7a27-484d-848c-4339daee4367
[2026-01-21 18:26:29.761] [info]  (renderer/utilityconnection) SENDING REQUEST FOR NAME, ID:  appdb/pinconn/save f4cbddf0-1ddc-4d05-8769-93a85a343c2c
[2026-01-21 18:26:29.779] [info]  (renderer/utilityconnection) RECEIVED REPLY FOR REQUEST ID:  f4cbddf0-1ddc-4d05-8769-93a85a343c2c
[2026-01-21 18:26:29.779] [info]  (renderer/utilityconnection) SENDING REQUEST FOR NAME, ID:  appdb/credential/find 18c50ea8-d55d-4548-9862-28323eae5459
[2026-01-21 18:26:29.780] [info]  (renderer/utilityconnection) RECEIVED REPLY FOR REQUEST ID:  18c50ea8-d55d-4548-9862-28323eae5459
[2026-01-21 18:26:30.110] [info]  (renderer/utilityconnection) RECEIVED REPLY FOR REQUEST ID:  9e30974f-6d74-4278-a02d-6eeb26b3bb71
[2026-01-21 18:26:33.243] [info]  (renderer/utilityconnection) SENDING REQUEST FOR NAME, ID:  appdb/saved/new 10b84988-518c-4ae7-a118-ada881592b90
[2026-01-21 18:26:33.291] [info]  (renderer/utilityconnection) RECEIVED REPLY FOR REQUEST ID:  10b84988-518c-4ae7-a118-ada881592b90
[2026-01-21 18:26:33.456] [info]  (renderer/utilityconnection) SENDING REQUEST FOR NAME, ID:  conn/create 2e625cc5-977f-410d-a74d-fb45c51fa343
[2026-01-21 18:26:33.475] [error] (renderer/utilityconnection) GOT ERROR BACK FOR REQUEST ID:  2e625cc5-977f-410d-a74d-fb45c51fa343
[2026-01-21 18:26:33.477] [error] (ConnectionInterface)        Error: SASL: SCRAM-SERVER-FIRST-MESSAGE: client password must be a string
    at /tmp/.mount_beekeeGNvaMy/resources/app.asar/dist/utility.js:118257:15
    at process.processTicksAndRejections (node:internal/process/task_queues:95:5)
    at async PostgresClient.connect (/tmp/.mount_beekeeGNvaMy/resources/app.asar/dist/utility.js:479647:19)
    at async conn/create (/tmp/.mount_beekeeGNvaMy/resources/app.asar/dist/utility.js:507814:5)
[2026-01-21 18:26:40.570] [debug] (StateManager)               removing from search index 0
[2026-01-21 18:26:40.571] [debug] (StateManager)               adding to search index 0
[2026-01-21 18:26:40.655] [debug] (StateManager)               removing from search index 0
[2026-01-21 18:26:40.655] [debug] (StateManager)               adding to search index 0
[2026-01-21 18:26:40.757] [debug] (StateManager)               removing from search index 0
[2026-01-21 18:26:40.757] [debug] (StateManager)               adding to search index 0
[2026-01-21 18:26:40.816] [debug] (StateManager)               removing from search index 0
[2026-01-21 18:26:40.817] [debug] (StateManager)               adding to search index 0
[2026-01-21 18:26:40.940] [debug] (StateManager)               removing from search index 0
[2026-01-21 18:26:40.941] [debug] (StateManager)               adding to search index 0
[2026-01-21 18:26:41.161] [debug] (StateManager)               removing from search index 0
[2026-01-21 18:26:41.161] [debug] (StateManager)               adding to search index 0
[2026-01-21 18:26:41.203] [debug] (StateManager)               removing from search index 0
[2026-01-21 18:26:41.203] [debug] (StateManager)               adding to search index 0
[2026-01-21 18:26:41.284] [debug] (StateManager)               removing from search index 0
[2026-01-21 18:26:41.284] [debug] (StateManager)               adding to search index 0
[2026-01-21 18:26:41.385] [debug] (StateManager)               removing from search index 0
[2026-01-21 18:26:41.385] [debug] (StateManager)               adding to search index 0
[2026-01-21 18:26:43.428] [info]  (renderer/utilityconnection) SENDING REQUEST FOR NAME, ID:  conn/test c40a4416-7310-49b4-8ab5-5a972c0011f8
[2026-01-21 18:26:43.480] [info]  (renderer/utilityconnection) RECEIVED REPLY FOR REQUEST ID:  c40a4416-7310-49b4-8ab5-5a972c0011f8
[2026-01-21 18:26:47.215] [info]  (renderer/utilityconnection) SENDING REQUEST FOR NAME, ID:  appdb/saved/save 4a2bb098-ba5e-4459-a01e-4984577497aa
[2026-01-21 18:26:47.261] [info]  (renderer/utilityconnection) RECEIVED REPLY FOR REQUEST ID:  4a2bb098-ba5e-4459-a01e-4984577497aa
[2026-01-21 18:26:47.262] [debug] (StateManager)               removing from search index 0
[2026-01-21 18:26:47.262] [debug] (StateManager)               adding to search index 0
[2026-01-21 18:26:49.054] [info]  (renderer/utilityconnection) SENDING REQUEST FOR NAME, ID:  conn/create b4f9c407-8d75-44eb-ad52-8b429e748bed
[2026-01-21 18:26:49.073] [info]  (renderer/utilityconnection) RECEIVED REPLY FOR REQUEST ID:  b4f9c407-8d75-44eb-ad52-8b429e748bed
[2026-01-21 18:26:49.074] [info]  (renderer/utilityconnection) SENDING REQUEST FOR NAME, ID:  conn/defaultSchema faa1517f-347f-4257-89af-e1c2bd2d2248
[2026-01-21 18:26:49.074] [info]  (renderer/utilityconnection) RECEIVED REPLY FOR REQUEST ID:  faa1517f-347f-4257-89af-e1c2bd2d2248
[2026-01-21 18:26:49.074] [info]  (renderer/utilityconnection) SENDING REQUEST FOR NAME, ID:  conn/supportedFeatures c3894424-888e-42e0-b4af-7b76c8083616
[2026-01-21 18:26:49.074] [info]  (renderer/utilityconnection) RECEIVED REPLY FOR REQUEST ID:  c3894424-888e-42e0-b4af-7b76c8083616
[2026-01-21 18:26:49.074] [info]  (renderer/utilityconnection) SENDING REQUEST FOR NAME, ID:  conn/versionString 61f90257-1933-457f-bfe6-3c6afdaaa9f7
[2026-01-21 18:26:49.075] [info]  (renderer/utilityconnection) RECEIVED REPLY FOR REQUEST ID:  61f90257-1933-457f-bfe6-3c6afdaaa9f7
[2026-01-21 18:26:49.075] [info]  (renderer/utilityconnection) SENDING REQUEST FOR NAME, ID:  conn/getServerConfig 6a9207d5-ea84-4ac5-8eee-5d686aa4af62
[2026-01-21 18:26:49.075] [info]  (renderer/utilityconnection) RECEIVED REPLY FOR REQUEST ID:  6a9207d5-ea84-4ac5-8eee-5d686aa4af62
[2026-01-21 18:26:49.076] [debug] (data/usedconnections)       Recording used config for:  {
  id: 3,
  createdAt: '2026-01-21T16:20:47.926Z',
  updatedAt: '2026-01-21T16:26:47.000Z',
  version: 2,
  connectionType: 'postgresql',
  host: 'localhost',
  port: 5434,
  socketPath: '/var/run/postgresql',
  socketPathEnabled: false,
  username: 'postgres',
  domain: null,
  defaultDatabase: 'budget',
  url: null,
  uniqueHash: 'DEPRECATED',
  sshEnabled: false,
  sshHost: null,
  sshPort: 22,
  sshKeyfile: null,
  sshUsername: null,
  sshBastionHost: null,
  sshKeepaliveInterval: 60,
  ssl: false,
  sslCaFile: null,
  sslCertFile: null,
  sslKeyFile: null,
  sslRejectUnauthorized: true,
  readOnlyMode: false,
  options: { connectionMethod: 'manual' },
  redshiftOptions: {},
  cassandraOptions: {},
  bigQueryOptions: {},
  azureAuthOptions: {},
  authId: null,
  libsqlOptions: { mode: 'url' },
  sqlAnywhereOptions: { mode: 'server' },
  surrealDbOptions: {},
  trustServerCertificate: false,
  serviceName: null,
  name: 'nest-budget',
  labelColor: 'pink',
  workspaceId: -1,
  rememberPassword: true,
  password: 'serii1981',
  sshKeyfilePassword: null,
  sshPassword: null,
  sshMode: 'agent'
}
[2026-01-21 18:26:49.077] [debug] (data/usedconnections)       Found used config {
  id: 3,
  createdAt: '2025-12-29T15:49:48.930Z',
  updatedAt: '2026-01-21T16:21:45.379Z',
  version: 2,
  connectionType: 'postgresql',
  host: 'localhost',
  port: 5432,
  socketPath: '/var/run/postgresql',
  socketPathEnabled: false,
  username: 'postgres',
  domain: null,
  defaultDatabase: 'teashop',
  url: null,
  uniqueHash: 'DEPRECATED',
  sshEnabled: false,
  sshHost: null,
  sshPort: 22,
  sshKeyfile: null,
  sshUsername: null,
  sshBastionHost: null,
  sshKeepaliveInterval: 60,
  ssl: false,
  sslCaFile: null,
  sslCertFile: null,
  sslKeyFile: null,
  sslRejectUnauthorized: true,
  readOnlyMode: false,
  options: { connectionMethod: 'manual' },
  redshiftOptions: {},
  cassandraOptions: {},
  bigQueryOptions: {},
  azureAuthOptions: {},
  authId: null,
  libsqlOptions: { mode: 'url' },
  sqlAnywhereOptions: { mode: 'server' },
  surrealDbOptions: {},
  trustServerCertificate: false,
  serviceName: null,
  connectionId: null,
  workspaceId: -1
}
[2026-01-21 18:26:49.077] [info]  (renderer/utilityconnection) SENDING REQUEST FOR NAME, ID:  appdb/used/save cf18b8a2-f252-4b11-8ecd-d147b2c6c45e
[2026-01-21 18:26:49.110] [info]  (renderer/utilityconnection) SENDING REQUEST FOR NAME, ID:  appdb/setting/get 25f870fd-af5a-4c73-90c8-137f8743478b
[2026-01-21 18:26:49.110] [info]  (renderer/utilityconnection) SENDING REQUEST FOR NAME, ID:  appdb/setting/get 1690c611-b929-47f7-9219-2f00d37d4241
[2026-01-21 18:26:49.161] [info]  (renderer/utilityconnection) RECEIVED REPLY FOR REQUEST ID:  cf18b8a2-f252-4b11-8ecd-d147b2c6c45e
[2026-01-21 18:26:49.161] [info]  (renderer/utilityconnection) SENDING REQUEST FOR NAME, ID:  conn/listDatabases e6d00dc1-bcf5-424a-b297-01def8d9a2aa
[2026-01-21 18:26:49.161] [info]  (app.vue)                    database changed budget
[2026-01-21 18:26:49.162] [info]  (renderer/utilityconnection) SENDING REQUEST FOR NAME, ID:  appdb/pins/find 0af43bf4-80d0-4c83-bdb9-17a88530bb79
[2026-01-21 18:26:49.172] [info]  (TabModule)                  Loading tabs for  -1 3
[2026-01-21 18:26:49.172] [info]  (renderer/utilityconnection) SENDING REQUEST FOR NAME, ID:  appdb/tabs/find e7555759-e578-450c-a183-d799932a8a6d
[2026-01-21 18:26:49.174] [info]  (renderer/utilityconnection) RECEIVED REPLY FOR REQUEST ID:  25f870fd-af5a-4c73-90c8-137f8743478b
[2026-01-21 18:26:49.174] [info]  (settings-plugin)            get {"id":17,"createdAt":"2025-12-03T08:00:35.104Z","updatedAt":"2025-12-03T08:00:35.104Z","_userValue":"position","defaultValue":"position","valueType":0,"version":1,"key":"pinSortField","linuxDefault":null,"macDefault":null,"windowsDefault":null,"value":"position"}
[2026-01-21 18:26:49.174] [info]  (renderer/utilityconnection) RECEIVED REPLY FOR REQUEST ID:  1690c611-b929-47f7-9219-2f00d37d4241
[2026-01-21 18:26:49.174] [info]  (settings-plugin)            get {"id":18,"createdAt":"2025-12-03T08:00:35.109Z","updatedAt":"2025-12-03T08:00:35.109Z","_userValue":"asc","defaultValue":"asc","valueType":0,"version":1,"key":"pinSortOrder","linuxDefault":null,"macDefault":null,"windowsDefault":null,"value":"asc"}
[2026-01-21 18:26:49.174] [info]  (settings-plugin)            set pinSortField position
[2026-01-21 18:26:49.174] [info]  (renderer/utilityconnection) SENDING REQUEST FOR NAME, ID:  appdb/setting/set 6fc4f9cd-f754-4d1f-ae05-292f3ee92121
[2026-01-21 18:26:49.174] [info]  (settings-plugin)            set pinSortOrder asc
[2026-01-21 18:26:49.174] [info]  (renderer/utilityconnection) SENDING REQUEST FOR NAME, ID:  appdb/setting/set 6c69e84a-3b70-4519-aea6-fc03f0eb5574
[2026-01-21 18:26:49.186] [info]  (renderer/utilityconnection) RECEIVED REPLY FOR REQUEST ID:  0af43bf4-80d0-4c83-bdb9-17a88530bb79
[2026-01-21 18:26:49.187] [info]  (renderer/utilityconnection) RECEIVED REPLY FOR REQUEST ID:  e6d00dc1-bcf5-424a-b297-01def8d9a2aa
[2026-01-21 18:26:49.187] [info]  (store/index)                databaseList:  [ 'budget', 'postgres' ]
[2026-01-21 18:26:49.187] [debug] (StateManager)               removing from search index 0
[2026-01-21 18:26:49.187] [debug] (StateManager)               adding to search index 1
[2026-01-21 18:26:49.189] [info]  (renderer/utilityconnection) SENDING REQUEST FOR NAME, ID:  conn/listTables 083f17af-f321-4c76-ae1b-5e18d25005bd
[2026-01-21 18:26:49.190] [info]  (renderer/utilityconnection) RECEIVED REPLY FOR REQUEST ID:  e7555759-e578-450c-a183-d799932a8a6d
[2026-01-21 18:26:49.208] [info]  (renderer/utilityconnection) RECEIVED REPLY FOR REQUEST ID:  6fc4f9cd-f754-4d1f-ae05-292f3ee92121
[2026-01-21 18:26:49.211] [info]  (renderer/utilityconnection) RECEIVED REPLY FOR REQUEST ID:  6c69e84a-3b70-4519-aea6-fc03f0eb5574
[2026-01-21 18:26:49.211] [info]  (renderer/utilityconnection) RECEIVED REPLY FOR REQUEST ID:  083f17af-f321-4c76-ae1b-5e18d25005bd
[2026-01-21 18:26:49.211] [info]  (renderer/utilityconnection) SENDING REQUEST FOR NAME, ID:  conn/listViews eee84cc0-8cc4-4f58-a03a-36ce80c49e37
[2026-01-21 18:26:49.214] [info]  (renderer/utilityconnection) RECEIVED REPLY FOR REQUEST ID:  eee84cc0-8cc4-4f58-a03a-36ce80c49e37
[2026-01-21 18:26:49.214] [info]  (renderer/utilityconnection) SENDING REQUEST FOR NAME, ID:  conn/listMaterializedViews 03f5c0a3-a7be-479e-a447-60cea1e7b60d
[2026-01-21 18:26:49.216] [info]  (renderer/utilityconnection) RECEIVED REPLY FOR REQUEST ID:  03f5c0a3-a7be-479e-a447-60cea1e7b60d
[2026-01-21 18:26:49.218] [debug] (StateManager)               removing from search index 0
[2026-01-21 18:26:49.218] [debug] (StateManager)               adding to search index 212
[2026-01-21 18:26:49.234] [debug] (TabWithTable)               table changed! {
  schema: 'public',
  name: 'users',
  tabletype: 'r',
  parenttype: null,
  entityType: 'table'
}
[2026-01-21 18:26:49.242] [debug] (TabWithTable)               table changed! {
  schema: 'public',
  name: 'categories',
  tabletype: 'r',
  parenttype: null,
  entityType: 'table'
}
[2026-01-21 18:26:49.248] [debug] (store/index)                actions/updateTableColumns categories
[2026-01-21 18:26:49.248] [info]  (renderer/utilityconnection) SENDING REQUEST FOR NAME, ID:  conn/listTableColumns fa51a107-905f-4268-878d-6a8cd38842bf
[2026-01-21 18:26:49.249] [debug] (AppEvent)                   trigger updateJsonViewerSidebar [
  {
    dataId: null,
    value: {},
    expandablePaths: [],
    signs: {},
    editablePaths: []
  }
]
[2026-01-21 18:26:49.249] [info]  (renderer/utilityconnection) SENDING REQUEST FOR NAME, ID:  conn/listRoutines 6f29f33d-a2d9-4af0-90bc-e6092c0d5202
[2026-01-21 18:26:49.265] [info]  (renderer/utilityconnection) RECEIVED REPLY FOR REQUEST ID:  fa51a107-905f-4268-878d-6a8cd38842bf
[2026-01-21 18:26:49.266] [debug] (store/index)                Should I update table columns? [
  {
    schemaName: 'public',
    tableName: 'categories',
    columnName: 'id',
    dataType: 'int4(32,0)',
    nullable: false,
    defaultValue: "nextval('categories_id_seq'::regclass)",
    ordinalPosition: 1,
    hasDefault: true,
    generated: false,
    array: false,
    comment: null,
    bksField: { name: 'id', bksType: 'UNKNOWN' }
  },
  {
    schemaName: 'public',
    tableName: 'categories',
    columnName: 'title',
    dataType: 'varchar',
    nullable: false,
    defaultValue: null,
    ordinalPosition: 2,
    hasDefault: false,
    generated: false,
    array: false,
    comment: null,
    bksField: { name: 'title', bksType: 'UNKNOWN' }
  },
  {
    schemaName: 'public',
    tableName: 'categories',
    columnName: 'createdAt',
    dataType: 'timestamp(6)',
    nullable: false,
    defaultValue: 'now()',
    ordinalPosition: 3,
    hasDefault: true,
    generated: false,
    array: false,
    comment: null,
    bksField: { name: 'createdAt', bksType: 'UNKNOWN' }
  },
  {
    schemaName: 'public',
    tableName: 'categories',
    columnName: 'updatedAt',
    dataType: 'timestamp(6)',
    nullable: false,
    defaultValue: 'now()',
    ordinalPosition: 4,
    hasDefault: true,
    generated: false,
    array: false,
    comment: null,
    bksField: { name: 'updatedAt', bksType: 'UNKNOWN' }
  },
  {
    schemaName: 'public',
    tableName: 'categories',
    columnName: 'user_id',
    dataType: 'int4(32,0)',
    nullable: true,
    defaultValue: null,
    ordinalPosition: 5,
    hasDefault: false,
    generated: false,
    array: false,
    comment: null,
    bksField: { name: 'user_id', bksType: 'UNKNOWN' }
  }
]
[2026-01-21 18:26:49.267] [debug] (StateManager)               removing from search index 0
[2026-01-21 18:26:49.267] [debug] (StateManager)               adding to search index 0
[2026-01-21 18:26:49.270] [debug] (TabWithTable)               table changed! {
  schema: 'public',
  name: 'users',
  tabletype: 'r',
  parenttype: null,
  entityType: 'table'
}
[2026-01-21 18:26:49.271] [debug] (TabWithTable)               table changed! {
  schema: 'public',
  name: 'categories',
  tabletype: 'r',
  parenttype: null,
  entityType: 'table',
  columns: [
    {
      schemaName: 'public',
      tableName: 'categories',
      columnName: 'id',
      dataType: 'int4(32,0)',
      nullable: false,
      defaultValue: "nextval('categories_id_seq'::regclass)",
      ordinalPosition: 1,
      hasDefault: true,
      generated: false,
      array: false,
      comment: null,
      bksField: { name: 'id', bksType: 'UNKNOWN' }
    },
    {
      schemaName: 'public',
      tableName: 'categories',
      columnName: 'title',
      dataType: 'varchar',
      nullable: false,
      defaultValue: null,
      ordinalPosition: 2,
      hasDefault: false,
      generated: false,
      array: false,
      comment: null,
      bksField: { name: 'title', bksType: 'UNKNOWN' }
    },
    {
      schemaName: 'public',
      tableName: 'categories',
      columnName: 'createdAt',
      dataType: 'timestamp(6)',
      nullable: false,
      defaultValue: 'now()',
      ordinalPosition: 3,
      hasDefault: true,
      generated: false,
      array: false,
      comment: null,
      bksField: { name: 'createdAt', bksType: 'UNKNOWN' }
    },
    {
      schemaName: 'public',
      tableName: 'categories',
      columnName: 'updatedAt',
      dataType: 'timestamp(6)',
      nullable: false,
      defaultValue: 'now()',
      ordinalPosition: 4,
      hasDefault: true,
      generated: false,
      array: false,
      comment: null,
      bksField: { name: 'updatedAt', bksType: 'UNKNOWN' }
    },
    {
      schemaName: 'public',
      tableName: 'categories',
      columnName: 'user_id',
      dataType: 'int4(32,0)',
      nullable: true,
      defaultValue: null,
      ordinalPosition: 5,
      hasDefault: false,
      generated: false,
      array: false,
      comment: null,
      bksField: { name: 'user_id', bksType: 'UNKNOWN' }
    }
  ]
}
[2026-01-21 18:26:49.274] [info]  (renderer/utilityconnection) SENDING REQUEST FOR NAME, ID:  conn/getTableKeys 1487fed7-f8e3-461d-8766-5910ea294448
[2026-01-21 18:26:49.284] [info]  (renderer/utilityconnection) RECEIVED REPLY FOR REQUEST ID:  1487fed7-f8e3-461d-8766-5910ea294448
[2026-01-21 18:26:49.284] [info]  (renderer/utilityconnection) SENDING REQUEST FOR NAME, ID:  conn/getPrimaryKeys 495a63f9-b2c4-47f0-83c2-aa410a21eaf0
[2026-01-21 18:26:49.286] [info]  (renderer/utilityconnection) RECEIVED REPLY FOR REQUEST ID:  495a63f9-b2c4-47f0-83c2-aa410a21eaf0
[2026-01-21 18:26:49.323] [info]  (TableTable)                 fetch params {
  filter: [],
  page: 1,
  size: 100,
  sort: [ { field: 'id', dir: 'asc' } ]
}
[2026-01-21 18:26:49.323] [info]  (TableTable)                 filters []
[2026-01-21 18:26:49.324] [info]  (renderer/utilityconnection) SENDING REQUEST FOR NAME, ID:  conn/selectTop 43adc88e-3e17-4181-9b30-1fe0b346654d
[2026-01-21 18:26:49.328] [info]  (renderer/utilityconnection) RECEIVED REPLY FOR REQUEST ID:  6f29f33d-a2d9-4af0-90bc-e6092c0d5202
[2026-01-21 18:26:49.333] [info]  (renderer/utilityconnection) SENDING REQUEST FOR NAME, ID:  appdb/tabhistory/clearDeletedTabs 9651e91c-dff0-4eaf-bf27-a95f440f0e36
[2026-01-21 18:26:49.338] [info]  (renderer/utilityconnection) RECEIVED REPLY FOR REQUEST ID:  43adc88e-3e17-4181-9b30-1fe0b346654d
[2026-01-21 18:26:49.338] [debug] (TableTable)                 table has changed, updating
[2026-01-21 18:26:49.338] [debug] (store/index)                actions/updateTableColumns categories
[2026-01-21 18:26:49.338] [info]  (renderer/utilityconnection) SENDING REQUEST FOR NAME, ID:  conn/listTableColumns 61d54e38-b8e8-4d80-b012-fbe59c972011
[2026-01-21 18:26:49.340] [info]  (renderer/utilityconnection) RECEIVED REPLY FOR REQUEST ID:  9651e91c-dff0-4eaf-bf27-a95f440f0e36
[2026-01-21 18:26:49.351] [info]  (renderer/utilityconnection) RECEIVED REPLY FOR REQUEST ID:  61d54e38-b8e8-4d80-b012-fbe59c972011
[2026-01-21 18:26:49.352] [debug] (store/index)                Should I update table columns? []
[2026-01-21 18:26:49.353] [info]  (renderer/utilityconnection) SENDING REQUEST FOR NAME, ID:  conn/getTableKeys 292b6ee2-0b51-4169-b5ee-3249b3b0f5d7
[2026-01-21 18:26:49.353] [info]  (renderer/utilityconnection) SENDING REQUEST FOR NAME, ID:  appdb/tabs/save 8964dc20-cb29-46ff-87de-2d5bb14bcda7
[2026-01-21 18:26:49.358] [info]  (renderer/utilityconnection) RECEIVED REPLY FOR REQUEST ID:  8964dc20-cb29-46ff-87de-2d5bb14bcda7
[2026-01-21 18:26:49.362] [info]  (renderer/utilityconnection) RECEIVED REPLY FOR REQUEST ID:  292b6ee2-0b51-4169-b5ee-3249b3b0f5d7
[2026-01-21 18:26:49.362] [info]  (renderer/utilityconnection) SENDING REQUEST FOR NAME, ID:  conn/getPrimaryKeys cedd0c17-7d39-40f3-8634-6a89a2fec168
[2026-01-21 18:26:49.364] [info]  (renderer/utilityconnection) RECEIVED REPLY FOR REQUEST ID:  cedd0c17-7d39-40f3-8634-6a89a2fec168
[2026-01-21 18:26:49.595] [info]  (renderer/utilityconnection) SENDING REQUEST FOR NAME, ID:  appdb/tabs/save 4b544475-2e3f-40ff-bea2-469cf4f4c027
[2026-01-21 18:26:49.600] [info]  (renderer/utilityconnection) RECEIVED REPLY FOR REQUEST ID:  4b544475-2e3f-40ff-bea2-469cf4f4c027
[2026-01-21 18:26:49.691] [info]  (renderer/utilityconnection) SENDING REQUEST FOR NAME, ID:  appdb/tabs/save 065dc8a5-0a50-49f3-8ff6-320058a0d635
[2026-01-21 18:26:49.695] [info]  (renderer/utilityconnection) RECEIVED REPLY FOR REQUEST ID:  065dc8a5-0a50-49f3-8ff6-320058a0d635
